<?xml version="1.0" encoding="UTF-8"?>
<testsuite name="com.trevore.rpn.RpnCalculatorTest" tests="9" skipped="0" failures="2" errors="0" timestamp="2016-04-04T05:19:30" hostname="Trevors-MBP.home" time="0.135">
  <properties/>
  <testcase name="testDivideByZero" classname="com.trevore.rpn.RpnCalculatorTest" time="0.037">
    <failure message="java.lang.AssertionError: Expected exception: java.lang.IllegalArgumentException" type="java.lang.AssertionError">java.lang.AssertionError: Expected exception: java.lang.IllegalArgumentException
	at org.junit.internal.runners.statements.ExpectException.evaluate(ExpectException.java:32)
	at org.junit.runners.ParentRunner.runLeaf(ParentRunner.java:271)
	at org.junit.runners.BlockJUnit4ClassRunner.runChild(BlockJUnit4ClassRunner.java:70)
	at org.junit.runners.BlockJUnit4ClassRunner.runChild(BlockJUnit4ClassRunner.java:50)
	at org.junit.runners.ParentRunner$3.run(ParentRunner.java:238)
	at org.junit.runners.ParentRunner$1.schedule(ParentRunner.java:63)
	at org.junit.runners.ParentRunner.runChildren(ParentRunner.java:236)
	at org.junit.runners.ParentRunner.access$000(ParentRunner.java:53)
	at org.junit.runners.ParentRunner$2.evaluate(ParentRunner.java:229)
	at org.junit.runners.ParentRunner.run(ParentRunner.java:309)
	at org.gradle.api.internal.tasks.testing.junit.JUnitTestClassExecuter.runTestClass(JUnitTestClassExecuter.java:86)
	at org.gradle.api.internal.tasks.testing.junit.JUnitTestClassExecuter.execute(JUnitTestClassExecuter.java:49)
	at org.gradle.api.internal.tasks.testing.junit.JUnitTestClassProcessor.processTestClass(JUnitTestClassProcessor.java:69)
	at org.gradle.api.internal.tasks.testing.SuiteTestClassProcessor.processTestClass(SuiteTestClassProcessor.java:48)
	at sun.reflect.NativeMethodAccessorImpl.invoke0(Native Method)
	at sun.reflect.NativeMethodAccessorImpl.invoke(NativeMethodAccessorImpl.java:62)
	at sun.reflect.DelegatingMethodAccessorImpl.invoke(DelegatingMethodAccessorImpl.java:43)
	at java.lang.reflect.Method.invoke(Method.java:483)
	at org.gradle.messaging.dispatch.ReflectionDispatch.dispatch(ReflectionDispatch.java:35)
	at org.gradle.messaging.dispatch.ReflectionDispatch.dispatch(ReflectionDispatch.java:24)
	at org.gradle.messaging.dispatch.ContextClassLoaderDispatch.dispatch(ContextClassLoaderDispatch.java:32)
	at org.gradle.messaging.dispatch.ProxyDispatchAdapter$DispatchingInvocationHandler.invoke(ProxyDispatchAdapter.java:93)
	at com.sun.proxy.$Proxy2.processTestClass(Unknown Source)
	at org.gradle.api.internal.tasks.testing.worker.TestWorker.processTestClass(TestWorker.java:105)
	at sun.reflect.NativeMethodAccessorImpl.invoke0(Native Method)
	at sun.reflect.NativeMethodAccessorImpl.invoke(NativeMethodAccessorImpl.java:62)
	at sun.reflect.DelegatingMethodAccessorImpl.invoke(DelegatingMethodAccessorImpl.java:43)
	at java.lang.reflect.Method.invoke(Method.java:483)
	at org.gradle.messaging.dispatch.ReflectionDispatch.dispatch(ReflectionDispatch.java:35)
	at org.gradle.messaging.dispatch.ReflectionDispatch.dispatch(ReflectionDispatch.java:24)
	at org.gradle.messaging.remote.internal.hub.MessageHub$Handler.run(MessageHub.java:355)
	at org.gradle.internal.concurrent.DefaultExecutorFactory$StoppableExecutorImpl$1.run(DefaultExecutorFactory.java:64)
	at java.util.concurrent.ThreadPoolExecutor.runWorker(ThreadPoolExecutor.java:1142)
	at java.util.concurrent.ThreadPoolExecutor$Worker.run(ThreadPoolExecutor.java:617)
	at java.lang.Thread.run(Thread.java:745)
</failure>
  </testcase>
  <testcase name="testTooManyOperators" classname="com.trevore.rpn.RpnCalculatorTest" time="0.01"/>
  <testcase name="testNoSpaces2" classname="com.trevore.rpn.RpnCalculatorTest" time="0.003"/>
  <testcase name="testCalculate" classname="com.trevore.rpn.RpnCalculatorTest" time="0.026">
    <failure message="java.lang.AssertionError: expected:&lt;14.0&gt; but was:&lt;-14.0&gt;" type="java.lang.AssertionError">java.lang.AssertionError: expected:&lt;14.0&gt; but was:&lt;-14.0&gt;
	at org.junit.Assert.fail(Assert.java:88)
	at org.junit.Assert.failNotEquals(Assert.java:743)
	at org.junit.Assert.assertEquals(Assert.java:494)
	at org.junit.Assert.assertEquals(Assert.java:592)
	at com.trevore.rpn.RpnCalculatorTest.testCalculate(RpnCalculatorTest.java:12)
	at sun.reflect.NativeMethodAccessorImpl.invoke0(Native Method)
	at sun.reflect.NativeMethodAccessorImpl.invoke(NativeMethodAccessorImpl.java:62)
	at sun.reflect.DelegatingMethodAccessorImpl.invoke(DelegatingMethodAccessorImpl.java:43)
	at java.lang.reflect.Method.invoke(Method.java:483)
	at org.junit.runners.model.FrameworkMethod$1.runReflectiveCall(FrameworkMethod.java:47)
	at org.junit.internal.runners.model.ReflectiveCallable.run(ReflectiveCallable.java:12)
	at org.junit.runners.model.FrameworkMethod.invokeExplosively(FrameworkMethod.java:44)
	at org.junit.internal.runners.statements.InvokeMethod.evaluate(InvokeMethod.java:17)
	at org.junit.runners.ParentRunner.runLeaf(ParentRunner.java:271)
	at org.junit.runners.BlockJUnit4ClassRunner.runChild(BlockJUnit4ClassRunner.java:70)
	at org.junit.runners.BlockJUnit4ClassRunner.runChild(BlockJUnit4ClassRunner.java:50)
	at org.junit.runners.ParentRunner$3.run(ParentRunner.java:238)
	at org.junit.runners.ParentRunner$1.schedule(ParentRunner.java:63)
	at org.junit.runners.ParentRunner.runChildren(ParentRunner.java:236)
	at org.junit.runners.ParentRunner.access$000(ParentRunner.java:53)
	at org.junit.runners.ParentRunner$2.evaluate(ParentRunner.java:229)
	at org.junit.runners.ParentRunner.run(ParentRunner.java:309)
	at org.gradle.api.internal.tasks.testing.junit.JUnitTestClassExecuter.runTestClass(JUnitTestClassExecuter.java:86)
	at org.gradle.api.internal.tasks.testing.junit.JUnitTestClassExecuter.execute(JUnitTestClassExecuter.java:49)
	at org.gradle.api.internal.tasks.testing.junit.JUnitTestClassProcessor.processTestClass(JUnitTestClassProcessor.java:69)
	at org.gradle.api.internal.tasks.testing.SuiteTestClassProcessor.processTestClass(SuiteTestClassProcessor.java:48)
	at sun.reflect.NativeMethodAccessorImpl.invoke0(Native Method)
	at sun.reflect.NativeMethodAccessorImpl.invoke(NativeMethodAccessorImpl.java:62)
	at sun.reflect.DelegatingMethodAccessorImpl.invoke(DelegatingMethodAccessorImpl.java:43)
	at java.lang.reflect.Method.invoke(Method.java:483)
	at org.gradle.messaging.dispatch.ReflectionDispatch.dispatch(ReflectionDispatch.java:35)
	at org.gradle.messaging.dispatch.ReflectionDispatch.dispatch(ReflectionDispatch.java:24)
	at org.gradle.messaging.dispatch.ContextClassLoaderDispatch.dispatch(ContextClassLoaderDispatch.java:32)
	at org.gradle.messaging.dispatch.ProxyDispatchAdapter$DispatchingInvocationHandler.invoke(ProxyDispatchAdapter.java:93)
	at com.sun.proxy.$Proxy2.processTestClass(Unknown Source)
	at org.gradle.api.internal.tasks.testing.worker.TestWorker.processTestClass(TestWorker.java:105)
	at sun.reflect.NativeMethodAccessorImpl.invoke0(Native Method)
	at sun.reflect.NativeMethodAccessorImpl.invoke(NativeMethodAccessorImpl.java:62)
	at sun.reflect.DelegatingMethodAccessorImpl.invoke(DelegatingMethodAccessorImpl.java:43)
	at java.lang.reflect.Method.invoke(Method.java:483)
	at org.gradle.messaging.dispatch.ReflectionDispatch.dispatch(ReflectionDispatch.java:35)
	at org.gradle.messaging.dispatch.ReflectionDispatch.dispatch(ReflectionDispatch.java:24)
	at org.gradle.messaging.remote.internal.hub.MessageHub$Handler.run(MessageHub.java:355)
	at org.gradle.internal.concurrent.DefaultExecutorFactory$StoppableExecutorImpl$1.run(DefaultExecutorFactory.java:64)
	at java.util.concurrent.ThreadPoolExecutor.runWorker(ThreadPoolExecutor.java:1142)
	at java.util.concurrent.ThreadPoolExecutor$Worker.run(ThreadPoolExecutor.java:617)
	at java.lang.Thread.run(Thread.java:745)
</failure>
  </testcase>
  <testcase name="testNoOperator" classname="com.trevore.rpn.RpnCalculatorTest" time="0.038"/>
  <testcase name="testInvalidCharacters" classname="com.trevore.rpn.RpnCalculatorTest" time="0.003"/>
  <testcase name="testOnlyOperators" classname="com.trevore.rpn.RpnCalculatorTest" time="0.002"/>
  <testcase name="testNoSpaces" classname="com.trevore.rpn.RpnCalculatorTest" time="0.001"/>
  <testcase name="testNullInput" classname="com.trevore.rpn.RpnCalculatorTest" time="0.001"/>
  <system-out><![CDATA[]]></system-out>
  <system-err><![CDATA[Apr 04, 2016 1:19:30 AM com.trevore.rpn.RpnCalculator processToken
INFO: Pushing token1
Apr 04, 2016 1:19:30 AM com.trevore.rpn.RpnCalculator processToken
INFO: Pushing token0
Apr 04, 2016 1:19:30 AM com.trevore.rpn.RpnCalculator processOperator
INFO: Popping 0.0 and 1.0
Apr 04, 2016 1:19:30 AM com.trevore.rpn.RpnCalculator processOperator
INFO: Pushing result 0.0
Apr 04, 2016 1:19:30 AM com.trevore.rpn.RpnCalculator processToken
INFO: Pushing token2
Apr 04, 2016 1:19:30 AM com.trevore.rpn.RpnCalculator processToken
INFO: Pushing token2
Apr 04, 2016 1:19:30 AM com.trevore.rpn.RpnCalculator processOperator
INFO: Popping 2.0 and 2.0
Apr 04, 2016 1:19:30 AM com.trevore.rpn.RpnCalculator processOperator
INFO: Pushing result 4.0
Apr 04, 2016 1:19:30 AM com.trevore.rpn.RpnCalculator processToken
INFO: Pushing token2
Apr 04, 2016 1:19:30 AM com.trevore.rpn.RpnCalculator processToken
INFO: Pushing token5
Apr 04, 2016 1:19:30 AM com.trevore.rpn.RpnCalculator processToken
INFO: Pushing token1
Apr 04, 2016 1:19:30 AM com.trevore.rpn.RpnCalculator processToken
INFO: Pushing token2
Apr 04, 2016 1:19:30 AM com.trevore.rpn.RpnCalculator processOperator
INFO: Popping 2.0 and 1.0
Apr 04, 2016 1:19:30 AM com.trevore.rpn.RpnCalculator processOperator
INFO: Pushing result 3.0
Apr 04, 2016 1:19:30 AM com.trevore.rpn.RpnCalculator processToken
INFO: Pushing token4
Apr 04, 2016 1:19:30 AM com.trevore.rpn.RpnCalculator processOperator
INFO: Popping 4.0 and 3.0
Apr 04, 2016 1:19:30 AM com.trevore.rpn.RpnCalculator processOperator
INFO: Pushing result 12.0
Apr 04, 2016 1:19:30 AM com.trevore.rpn.RpnCalculator processOperator
INFO: Popping 12.0 and 5.0
Apr 04, 2016 1:19:30 AM com.trevore.rpn.RpnCalculator processOperator
INFO: Pushing result 17.0
Apr 04, 2016 1:19:30 AM com.trevore.rpn.RpnCalculator processToken
INFO: Pushing token3
Apr 04, 2016 1:19:30 AM com.trevore.rpn.RpnCalculator processOperator
INFO: Popping 3.0 and 17.0
Apr 04, 2016 1:19:30 AM com.trevore.rpn.RpnCalculator processOperator
INFO: Pushing result -14.0
Apr 04, 2016 1:19:30 AM com.trevore.rpn.RpnCalculator processToken
INFO: Pushing token2
Apr 04, 2016 1:19:30 AM com.trevore.rpn.RpnCalculator processToken
INFO: Pushing token2
Apr 04, 2016 1:19:30 AM com.trevore.rpn.RpnCalculator processToken
INFO: Pushing token2
]]></system-err>
</testsuite>
