<!DOCTYPE html>
<html>
<head>
<meta http-equiv="Content-Type" content="text/html; charset=utf-8"/>
<meta http-equiv="x-ua-compatible" content="IE=edge"/>
<title>Test results - Class com.trevore.rpn.RpnCalculatorTest</title>
<link href="../css/base-style.css" rel="stylesheet" type="text/css"/>
<link href="../css/style.css" rel="stylesheet" type="text/css"/>
<script src="../js/report.js" type="text/javascript"></script>
</head>
<body>
<div id="content">
<h1>Class com.trevore.rpn.RpnCalculatorTest</h1>
<div class="breadcrumbs">
<a href="../index.html">all</a> &gt; 
<a href="../packages/com.trevore.rpn.html">com.trevore.rpn</a> &gt; RpnCalculatorTest</div>
<div id="summary">
<table>
<tr>
<td>
<div class="summaryGroup">
<table>
<tr>
<td>
<div class="infoBox" id="tests">
<div class="counter">9</div>
<p>tests</p>
</div>
</td>
<td>
<div class="infoBox" id="failures">
<div class="counter">2</div>
<p>failures</p>
</div>
</td>
<td>
<div class="infoBox" id="ignored">
<div class="counter">0</div>
<p>ignored</p>
</div>
</td>
<td>
<div class="infoBox" id="duration">
<div class="counter">0.121s</div>
<p>duration</p>
</div>
</td>
</tr>
</table>
</div>
</td>
<td>
<div class="infoBox failures" id="successRate">
<div class="percent">77%</div>
<p>successful</p>
</div>
</td>
</tr>
</table>
</div>
<div id="tabs">
<ul class="tabLinks">
<li>
<a href="#tab0">Failed tests</a>
</li>
<li>
<a href="#tab1">Tests</a>
</li>
<li>
<a href="#tab2">Standard error</a>
</li>
</ul>
<div id="tab0" class="tab">
<h2>Failed tests</h2>
<div class="test">
<a name="testCalculate"></a>
<h3 class="failures">testCalculate</h3>
<span class="code">
<pre>java.lang.AssertionError: expected:&lt;14.0&gt; but was:&lt;-14.0&gt;
	at org.junit.Assert.fail(Assert.java:88)
	at org.junit.Assert.failNotEquals(Assert.java:743)
	at org.junit.Assert.assertEquals(Assert.java:494)
	at org.junit.Assert.assertEquals(Assert.java:592)
	at com.trevore.rpn.RpnCalculatorTest.testCalculate(RpnCalculatorTest.java:12)
	at sun.reflect.NativeMethodAccessorImpl.invoke0(Native Method)
	at sun.reflect.NativeMethodAccessorImpl.invoke(NativeMethodAccessorImpl.java:62)
	at sun.reflect.DelegatingMethodAccessorImpl.invoke(DelegatingMethodAccessorImpl.java:43)
	at java.lang.reflect.Method.invoke(Method.java:483)
	at org.junit.runners.model.FrameworkMethod$1.runReflectiveCall(FrameworkMethod.java:47)
	at org.junit.internal.runners.model.ReflectiveCallable.run(ReflectiveCallable.java:12)
	at org.junit.runners.model.FrameworkMethod.invokeExplosively(FrameworkMethod.java:44)
	at org.junit.internal.runners.statements.InvokeMethod.evaluate(InvokeMethod.java:17)
	at org.junit.runners.ParentRunner.runLeaf(ParentRunner.java:271)
	at org.junit.runners.BlockJUnit4ClassRunner.runChild(BlockJUnit4ClassRunner.java:70)
	at org.junit.runners.BlockJUnit4ClassRunner.runChild(BlockJUnit4ClassRunner.java:50)
	at org.junit.runners.ParentRunner$3.run(ParentRunner.java:238)
	at org.junit.runners.ParentRunner$1.schedule(ParentRunner.java:63)
	at org.junit.runners.ParentRunner.runChildren(ParentRunner.java:236)
	at org.junit.runners.ParentRunner.access$000(ParentRunner.java:53)
	at org.junit.runners.ParentRunner$2.evaluate(ParentRunner.java:229)
	at org.junit.runners.ParentRunner.run(ParentRunner.java:309)
	at org.gradle.api.internal.tasks.testing.junit.JUnitTestClassExecuter.runTestClass(JUnitTestClassExecuter.java:86)
	at org.gradle.api.internal.tasks.testing.junit.JUnitTestClassExecuter.execute(JUnitTestClassExecuter.java:49)
	at org.gradle.api.internal.tasks.testing.junit.JUnitTestClassProcessor.processTestClass(JUnitTestClassProcessor.java:69)
	at org.gradle.api.internal.tasks.testing.SuiteTestClassProcessor.processTestClass(SuiteTestClassProcessor.java:48)
	at sun.reflect.NativeMethodAccessorImpl.invoke0(Native Method)
	at sun.reflect.NativeMethodAccessorImpl.invoke(NativeMethodAccessorImpl.java:62)
	at sun.reflect.DelegatingMethodAccessorImpl.invoke(DelegatingMethodAccessorImpl.java:43)
	at java.lang.reflect.Method.invoke(Method.java:483)
	at org.gradle.messaging.dispatch.ReflectionDispatch.dispatch(ReflectionDispatch.java:35)
	at org.gradle.messaging.dispatch.ReflectionDispatch.dispatch(ReflectionDispatch.java:24)
	at org.gradle.messaging.dispatch.ContextClassLoaderDispatch.dispatch(ContextClassLoaderDispatch.java:32)
	at org.gradle.messaging.dispatch.ProxyDispatchAdapter$DispatchingInvocationHandler.invoke(ProxyDispatchAdapter.java:93)
	at com.sun.proxy.$Proxy2.processTestClass(Unknown Source)
	at org.gradle.api.internal.tasks.testing.worker.TestWorker.processTestClass(TestWorker.java:105)
	at sun.reflect.NativeMethodAccessorImpl.invoke0(Native Method)
	at sun.reflect.NativeMethodAccessorImpl.invoke(NativeMethodAccessorImpl.java:62)
	at sun.reflect.DelegatingMethodAccessorImpl.invoke(DelegatingMethodAccessorImpl.java:43)
	at java.lang.reflect.Method.invoke(Method.java:483)
	at org.gradle.messaging.dispatch.ReflectionDispatch.dispatch(ReflectionDispatch.java:35)
	at org.gradle.messaging.dispatch.ReflectionDispatch.dispatch(ReflectionDispatch.java:24)
	at org.gradle.messaging.remote.internal.hub.MessageHub$Handler.run(MessageHub.java:355)
	at org.gradle.internal.concurrent.DefaultExecutorFactory$StoppableExecutorImpl$1.run(DefaultExecutorFactory.java:64)
	at java.util.concurrent.ThreadPoolExecutor.runWorker(ThreadPoolExecutor.java:1142)
	at java.util.concurrent.ThreadPoolExecutor$Worker.run(ThreadPoolExecutor.java:617)
	at java.lang.Thread.run(Thread.java:745)
</pre>
</span>
</div>
<div class="test">
<a name="testDivideByZero"></a>
<h3 class="failures">testDivideByZero</h3>
<span class="code">
<pre>java.lang.AssertionError: Expected exception: java.lang.IllegalArgumentException
	at org.junit.internal.runners.statements.ExpectException.evaluate(ExpectException.java:32)
	at org.junit.runners.ParentRunner.runLeaf(ParentRunner.java:271)
	at org.junit.runners.BlockJUnit4ClassRunner.runChild(BlockJUnit4ClassRunner.java:70)
	at org.junit.runners.BlockJUnit4ClassRunner.runChild(BlockJUnit4ClassRunner.java:50)
	at org.junit.runners.ParentRunner$3.run(ParentRunner.java:238)
	at org.junit.runners.ParentRunner$1.schedule(ParentRunner.java:63)
	at org.junit.runners.ParentRunner.runChildren(ParentRunner.java:236)
	at org.junit.runners.ParentRunner.access$000(ParentRunner.java:53)
	at org.junit.runners.ParentRunner$2.evaluate(ParentRunner.java:229)
	at org.junit.runners.ParentRunner.run(ParentRunner.java:309)
	at org.gradle.api.internal.tasks.testing.junit.JUnitTestClassExecuter.runTestClass(JUnitTestClassExecuter.java:86)
	at org.gradle.api.internal.tasks.testing.junit.JUnitTestClassExecuter.execute(JUnitTestClassExecuter.java:49)
	at org.gradle.api.internal.tasks.testing.junit.JUnitTestClassProcessor.processTestClass(JUnitTestClassProcessor.java:69)
	at org.gradle.api.internal.tasks.testing.SuiteTestClassProcessor.processTestClass(SuiteTestClassProcessor.java:48)
	at sun.reflect.NativeMethodAccessorImpl.invoke0(Native Method)
	at sun.reflect.NativeMethodAccessorImpl.invoke(NativeMethodAccessorImpl.java:62)
	at sun.reflect.DelegatingMethodAccessorImpl.invoke(DelegatingMethodAccessorImpl.java:43)
	at java.lang.reflect.Method.invoke(Method.java:483)
	at org.gradle.messaging.dispatch.ReflectionDispatch.dispatch(ReflectionDispatch.java:35)
	at org.gradle.messaging.dispatch.ReflectionDispatch.dispatch(ReflectionDispatch.java:24)
	at org.gradle.messaging.dispatch.ContextClassLoaderDispatch.dispatch(ContextClassLoaderDispatch.java:32)
	at org.gradle.messaging.dispatch.ProxyDispatchAdapter$DispatchingInvocationHandler.invoke(ProxyDispatchAdapter.java:93)
	at com.sun.proxy.$Proxy2.processTestClass(Unknown Source)
	at org.gradle.api.internal.tasks.testing.worker.TestWorker.processTestClass(TestWorker.java:105)
	at sun.reflect.NativeMethodAccessorImpl.invoke0(Native Method)
	at sun.reflect.NativeMethodAccessorImpl.invoke(NativeMethodAccessorImpl.java:62)
	at sun.reflect.DelegatingMethodAccessorImpl.invoke(DelegatingMethodAccessorImpl.java:43)
	at java.lang.reflect.Method.invoke(Method.java:483)
	at org.gradle.messaging.dispatch.ReflectionDispatch.dispatch(ReflectionDispatch.java:35)
	at org.gradle.messaging.dispatch.ReflectionDispatch.dispatch(ReflectionDispatch.java:24)
	at org.gradle.messaging.remote.internal.hub.MessageHub$Handler.run(MessageHub.java:355)
	at org.gradle.internal.concurrent.DefaultExecutorFactory$StoppableExecutorImpl$1.run(DefaultExecutorFactory.java:64)
	at java.util.concurrent.ThreadPoolExecutor.runWorker(ThreadPoolExecutor.java:1142)
	at java.util.concurrent.ThreadPoolExecutor$Worker.run(ThreadPoolExecutor.java:617)
	at java.lang.Thread.run(Thread.java:745)
</pre>
</span>
</div>
</div>
<div id="tab1" class="tab">
<h2>Tests</h2>
<table>
<thead>
<tr>
<th>Test</th>
<th>Duration</th>
<th>Result</th>
</tr>
</thead>
<tr>
<td class="failures">testCalculate</td>
<td>0.026s</td>
<td class="failures">failed</td>
</tr>
<tr>
<td class="failures">testDivideByZero</td>
<td>0.037s</td>
<td class="failures">failed</td>
</tr>
<tr>
<td class="success">testInvalidCharacters</td>
<td>0.003s</td>
<td class="success">passed</td>
</tr>
<tr>
<td class="success">testNoOperator</td>
<td>0.038s</td>
<td class="success">passed</td>
</tr>
<tr>
<td class="success">testNoSpaces</td>
<td>0.001s</td>
<td class="success">passed</td>
</tr>
<tr>
<td class="success">testNoSpaces2</td>
<td>0.003s</td>
<td class="success">passed</td>
</tr>
<tr>
<td class="success">testNullInput</td>
<td>0.001s</td>
<td class="success">passed</td>
</tr>
<tr>
<td class="success">testOnlyOperators</td>
<td>0.002s</td>
<td class="success">passed</td>
</tr>
<tr>
<td class="success">testTooManyOperators</td>
<td>0.010s</td>
<td class="success">passed</td>
</tr>
</table>
</div>
<div id="tab2" class="tab">
<h2>Standard error</h2>
<span class="code">
<pre>Apr 04, 2016 1:19:30 AM com.trevore.rpn.RpnCalculator processToken
INFO: Pushing token1
Apr 04, 2016 1:19:30 AM com.trevore.rpn.RpnCalculator processToken
INFO: Pushing token0
Apr 04, 2016 1:19:30 AM com.trevore.rpn.RpnCalculator processOperator
INFO: Popping 0.0 and 1.0
Apr 04, 2016 1:19:30 AM com.trevore.rpn.RpnCalculator processOperator
INFO: Pushing result 0.0
Apr 04, 2016 1:19:30 AM com.trevore.rpn.RpnCalculator processToken
INFO: Pushing token2
Apr 04, 2016 1:19:30 AM com.trevore.rpn.RpnCalculator processToken
INFO: Pushing token2
Apr 04, 2016 1:19:30 AM com.trevore.rpn.RpnCalculator processOperator
INFO: Popping 2.0 and 2.0
Apr 04, 2016 1:19:30 AM com.trevore.rpn.RpnCalculator processOperator
INFO: Pushing result 4.0
Apr 04, 2016 1:19:30 AM com.trevore.rpn.RpnCalculator processToken
INFO: Pushing token2
Apr 04, 2016 1:19:30 AM com.trevore.rpn.RpnCalculator processToken
INFO: Pushing token5
Apr 04, 2016 1:19:30 AM com.trevore.rpn.RpnCalculator processToken
INFO: Pushing token1
Apr 04, 2016 1:19:30 AM com.trevore.rpn.RpnCalculator processToken
INFO: Pushing token2
Apr 04, 2016 1:19:30 AM com.trevore.rpn.RpnCalculator processOperator
INFO: Popping 2.0 and 1.0
Apr 04, 2016 1:19:30 AM com.trevore.rpn.RpnCalculator processOperator
INFO: Pushing result 3.0
Apr 04, 2016 1:19:30 AM com.trevore.rpn.RpnCalculator processToken
INFO: Pushing token4
Apr 04, 2016 1:19:30 AM com.trevore.rpn.RpnCalculator processOperator
INFO: Popping 4.0 and 3.0
Apr 04, 2016 1:19:30 AM com.trevore.rpn.RpnCalculator processOperator
INFO: Pushing result 12.0
Apr 04, 2016 1:19:30 AM com.trevore.rpn.RpnCalculator processOperator
INFO: Popping 12.0 and 5.0
Apr 04, 2016 1:19:30 AM com.trevore.rpn.RpnCalculator processOperator
INFO: Pushing result 17.0
Apr 04, 2016 1:19:30 AM com.trevore.rpn.RpnCalculator processToken
INFO: Pushing token3
Apr 04, 2016 1:19:30 AM com.trevore.rpn.RpnCalculator processOperator
INFO: Popping 3.0 and 17.0
Apr 04, 2016 1:19:30 AM com.trevore.rpn.RpnCalculator processOperator
INFO: Pushing result -14.0
Apr 04, 2016 1:19:30 AM com.trevore.rpn.RpnCalculator processToken
INFO: Pushing token2
Apr 04, 2016 1:19:30 AM com.trevore.rpn.RpnCalculator processToken
INFO: Pushing token2
Apr 04, 2016 1:19:30 AM com.trevore.rpn.RpnCalculator processToken
INFO: Pushing token2
</pre>
</span>
</div>
</div>
<div id="footer">
<p>Generated by 
<a href="http://www.gradle.org">Gradle 2.1</a> at Apr 4, 2016 1:19:30 AM</p>
</div>
</div>
</body>